app/build/outputs/logs/manifest-merger-debug-report.txt
-- Merging decision tree log ---
manifest
ADDED from src/main/AndroidManifest.xml:2:1-134:12
	package
		ADDED from src/main/AndroidManifest.xml:3:5-36
		INJECTED from src/main/AndroidManifest.xml
		INJECTED from src/main/AndroidManifest.xml
	android:versionName
		ADDED from src/main/AndroidManifest.xml:5:5-30
		INJECTED from src/main/AndroidManifest.xml
		INJECTED from src/main/AndroidManifest.xml
	android:versionCode
		ADDED from src/main/AndroidManifest.xml:4:5-28
		INJECTED from src/main/AndroidManifest.xml
		INJECTED from src/main/AndroidManifest.xml
	xmlns:android
		ADDED from src/main/AndroidManifest.xml:2:11-69
uses-sdk
ADDED from src/main/AndroidManifest.xml:7:5-9:41
MERGED from [com.android.support:appcompat-v7:23.4.0] AndroidManifest.xml:21:5-23:78
MERGED from [com.android.support:animated-vector-drawable:23.4.0] AndroidManifest.xml:5:5-44
MERGED from [com.android.support:support-vector-drawable:23.4.0] AndroidManifest.xml:5:5-43
MERGED from [com.android.support:support-v4:23.4.0] AndroidManifest.xml:20:5-43
MERGED from [com.android.support:support-v4:23.4.0] AndroidManifest.xml:20:5-43
MERGED from [com.android.support:support-vector-drawable:23.4.0] AndroidManifest.xml:5:5-43
MERGED from [com.android.support:support-v4:23.4.0] AndroidManifest.xml:20:5-43
MERGED from [com.android.support:design:23.2.1] AndroidManifest.xml:20:5-43
MERGED from [com.android.support:support-v4:23.4.0] AndroidManifest.xml:20:5-43
MERGED from [com.android.support:appcompat-v7:23.4.0] AndroidManifest.xml:21:5-23:78
MERGED from [com.android.support:animated-vector-drawable:23.4.0] AndroidManifest.xml:5:5-44
MERGED from [com.android.support:support-vector-drawable:23.4.0] AndroidManifest.xml:5:5-43
MERGED from [com.android.support:support-v4:23.4.0] AndroidManifest.xml:20:5-43
MERGED from [com.android.support:support-v4:23.4.0] AndroidManifest.xml:20:5-43
MERGED from [com.android.support:support-vector-drawable:23.4.0] AndroidManifest.xml:5:5-43
MERGED from [com.android.support:support-v4:23.4.0] AndroidManifest.xml:20:5-43
MERGED from [com.android.support:recyclerview-v7:23.2.1] AndroidManifest.xml:20:5-43
MERGED from [com.android.support:support-v4:23.4.0] AndroidManifest.xml:20:5-43
	tools:overrideLibrary
		ADDED from [com.android.support:appcompat-v7:23.4.0] AndroidManifest.xml:23:9-75
	android:targetSdkVersion
		ADDED from src/main/AndroidManifest.xml:9:9-38
		INJECTED from src/main/AndroidManifest.xml
		INJECTED from src/main/AndroidManifest.xml
	android:minSdkVersion
		ADDED from src/main/AndroidManifest.xml:8:9-35
		INJECTED from src/main/AndroidManifest.xml
		INJECTED from src/main/AndroidManifest.xml
uses-permission#android.permission.INTERNET
ADDED from src/main/AndroidManifest.xml:11:5-66
	android:name
		ADDED from src/main/AndroidManifest.xml:11:22-64
uses-permission#android.permission.READ_EXTERNAL_STORAGE
ADDED from src/main/AndroidManifest.xml:12:5-80
	android:name
		ADDED from src/main/AndroidManifest.xml:12:22-77
uses-permission#android.permission.WRITE_EXTERNAL_STORAGE
ADDED from src/main/AndroidManifest.xml:13:5-81
	android:name
		ADDED from src/main/AndroidManifest.xml:13:22-78
application
ADDED from src/main/AndroidManifest.xml:16:5-132:19
MERGED from [com.android.support:appcompat-v7:23.4.0] AndroidManifest.xml:25:5-20
MERGED from [com.android.support:animated-vector-drawable:23.4.0] AndroidManifest.xml:7:5-20
MERGED from [com.android.support:support-vector-drawable:23.4.0] AndroidManifest.xml:7:5-20
MERGED from [com.android.support:support-v4:23.4.0] AndroidManifest.xml:22:5-20
MERGED from [com.android.support:support-v4:23.4.0] AndroidManifest.xml:22:5-20
MERGED from [com.android.support:support-vector-drawable:23.4.0] AndroidManifest.xml:7:5-20
MERGED from [com.android.support:support-v4:23.4.0] AndroidManifest.xml:22:5-20
MERGED from [com.android.support:design:23.2.1] AndroidManifest.xml:22:5-20
MERGED from [com.android.support:support-v4:23.4.0] AndroidManifest.xml:22:5-20
MERGED from [com.android.support:appcompat-v7:23.4.0] AndroidManifest.xml:25:5-20
MERGED from [com.android.support:animated-vector-drawable:23.4.0] AndroidManifest.xml:7:5-20
MERGED from [com.android.support:support-vector-drawable:23.4.0] AndroidManifest.xml:7:5-20
MERGED from [com.android.support:support-v4:23.4.0] AndroidManifest.xml:22:5-20
MERGED from [com.android.support:support-v4:23.4.0] AndroidManifest.xml:22:5-20
MERGED from [com.android.support:support-vector-drawable:23.4.0] AndroidManifest.xml:7:5-20
MERGED from [com.android.support:support-v4:23.4.0] AndroidManifest.xml:22:5-20
MERGED from [com.android.support:support-v4:23.4.0] AndroidManifest.xml:22:5-20
	android:label
		ADDED from src/main/AndroidManifest.xml:19:9-41
	android:supportsRtl
		ADDED from src/main/AndroidManifest.xml:20:9-35
	android:allowBackup
		ADDED from src/main/AndroidManifest.xml:17:9-35
	android:icon
		ADDED from src/main/AndroidManifest.xml:18:9-47
	android:theme
		ADDED from src/main/AndroidManifest.xml:21:9-40
activity#com.elegance.feedback.Form_Creation
ADDED from src/main/AndroidManifest.xml:22:9-32:20
	android:label
		ADDED from src/main/AndroidManifest.xml:24:13-38
	android:icon
		ADDED from src/main/AndroidManifest.xml:25:13-51
	android:theme
		ADDED from src/main/AndroidManifest.xml:26:13-44
	android:name
		ADDED from src/main/AndroidManifest.xml:23:13-42
intent-filter#android.intent.action.MAIN+android.intent.category.LAUNCHER
ADDED from src/main/AndroidManifest.xml:27:13-31:29
action#android.intent.action.MAIN
ADDED from src/main/AndroidManifest.xml:28:17-69
	android:name
		ADDED from src/main/AndroidManifest.xml:28:25-66
category#android.intent.category.LAUNCHER
ADDED from src/main/AndroidManifest.xml:30:17-77
	android:name
		ADDED from src/main/AndroidManifest.xml:30:27-74
activity#com.elegance.feedback.MainActivity
ADDED from src/main/AndroidManifest.xml:34:9-45:20
	android:label
		ADDED from src/main/AndroidManifest.xml:36:13-30
	android:icon
		ADDED from src/main/AndroidManifest.xml:37:13-51
	android:theme
		ADDED from src/main/AndroidManifest.xml:38:13-44
	android:name
		ADDED from src/main/AndroidManifest.xml:35:13-41
intent-filter#android.intent.category.DEFAULT+com.elegance.feedback.MAINACTIVITY
ADDED from src/main/AndroidManifest.xml:39:13-43:29
action#com.elegance.feedback.MAINACTIVITY
ADDED from src/main/AndroidManifest.xml:40:17-77
	android:name
		ADDED from src/main/AndroidManifest.xml:40:25-74
category#android.intent.category.DEFAULT
ADDED from src/main/AndroidManifest.xml:42:17-76
	android:name
		ADDED from src/main/AndroidManifest.xml:42:27-73
activity#com.elegance.feedback.upload_feedbacks
ADDED from src/main/AndroidManifest.xml:47:9-58:20
	android:label
		ADDED from src/main/AndroidManifest.xml:49:13-30
	android:icon
		ADDED from src/main/AndroidManifest.xml:50:13-51
	android:theme
		ADDED from src/main/AndroidManifest.xml:51:13-44
	android:name
		ADDED from src/main/AndroidManifest.xml:48:13-45
intent-filter#android.intent.category.DEFAULT+com.elegance.feedback.UPLOAD_FEEDBACKS
ADDED from src/main/AndroidManifest.xml:52:13-56:29
action#com.elegance.feedback.UPLOAD_FEEDBACKS
ADDED from src/main/AndroidManifest.xml:53:17-81
	android:name
		ADDED from src/main/AndroidManifest.xml:53:25-78
activity#com.elegance.feedback.Take_another
ADDED from src/main/AndroidManifest.xml:60:9-71:20
	android:label
		ADDED from src/main/AndroidManifest.xml:62:13-30
	android:icon
		ADDED from src/main/AndroidManifest.xml:63:13-51
	android:theme
		ADDED from src/main/AndroidManifest.xml:64:13-44
	android:name
		ADDED from src/main/AndroidManifest.xml:61:13-41
intent-filter#android.intent.category.DEFAULT+com.elegance.feedback.TAKE_ANOTHER
ADDED from src/main/AndroidManifest.xml:65:13-69:29
action#com.elegance.feedback.TAKE_ANOTHER
ADDED from src/main/AndroidManifest.xml:66:17-77
	android:name
		ADDED from src/main/AndroidManifest.xml:66:25-74
activity#com.elegance.feedback.AskCompanyDetails
ADDED from src/main/AndroidManifest.xml:73:9-81:20
	android:label
		ADDED from src/main/AndroidManifest.xml:75:13-43
	android:theme
		ADDED from src/main/AndroidManifest.xml:76:13-44
	android:name
		ADDED from src/main/AndroidManifest.xml:74:13-46
intent-filter#com.elegance.feedback.ASKCOMPANYDETAILS
ADDED from src/main/AndroidManifest.xml:77:13-79:29
action#com.elegance.feedback.ASKCOMPANYDETAILS
ADDED from src/main/AndroidManifest.xml:78:17-81
	android:name
		ADDED from src/main/AndroidManifest.xml:78:25-79
activity#com.elegance.feedback.preview
ADDED from src/main/AndroidManifest.xml:83:9-94:20
	android:label
		ADDED from src/main/AndroidManifest.xml:85:13-46
	android:configChanges
		ADDED from src/main/AndroidManifest.xml:86:13-63
	android:theme
		ADDED from src/main/AndroidManifest.xml:87:13-44
	android:name
		ADDED from src/main/AndroidManifest.xml:84:13-36
intent-filter#android.intent.category.DEFAULT+com.elegance.feedback.PREVIEW
ADDED from src/main/AndroidManifest.xml:88:13-92:29
action#com.elegance.feedback.PREVIEW
ADDED from src/main/AndroidManifest.xml:89:17-72
	android:name
		ADDED from src/main/AndroidManifest.xml:89:25-69
activity#com.elegance.feedback.Load_Form
ADDED from src/main/AndroidManifest.xml:96:9-107:20
	android:label
		ADDED from src/main/AndroidManifest.xml:98:13-46
	android:configChanges
		ADDED from src/main/AndroidManifest.xml:99:13-63
	android:theme
		ADDED from src/main/AndroidManifest.xml:100:13-56
	android:name
		ADDED from src/main/AndroidManifest.xml:97:13-38
intent-filter#android.intent.category.DEFAULT+com.elegance.feedback.LOAD_FORM
ADDED from src/main/AndroidManifest.xml:101:13-105:29
action#com.elegance.feedback.LOAD_FORM
ADDED from src/main/AndroidManifest.xml:102:17-74
	android:name
		ADDED from src/main/AndroidManifest.xml:102:25-71
activity#com.elegance.feedback.ChooseType
ADDED from src/main/AndroidManifest.xml:109:9-119:20
	android:label
		ADDED from src/main/AndroidManifest.xml:111:13-40
	android:theme
		ADDED from src/main/AndroidManifest.xml:112:13-44
	android:name
		ADDED from src/main/AndroidManifest.xml:110:13-39
intent-filter#android.intent.category.DEFAULT+com.elegance.feedback.CHOOSETYPE
ADDED from src/main/AndroidManifest.xml:113:13-117:29
action#com.elegance.feedback.CHOOSETYPE
ADDED from src/main/AndroidManifest.xml:114:17-75
	android:name
		ADDED from src/main/AndroidManifest.xml:114:25-72
activity#com.elegance.feedback.AddQuestion
ADDED from src/main/AndroidManifest.xml:121:9-131:20
	android:label
		ADDED from src/main/AndroidManifest.xml:123:13-41
	android:theme
		ADDED from src/main/AndroidManifest.xml:124:13-44
	android:name
		ADDED from src/main/AndroidManifest.xml:122:13-40
intent-filter#android.intent.category.DEFAULT+com.elegance.feedback.ADDQUESTION
ADDED from src/main/AndroidManifest.xml:125:13-129:29
action#com.elegance.feedback.ADDQUESTION
ADDED from src/main/AndroidManifest.xml:126:17-76
	android:name
		ADDED from src/main/AndroidManifest.xml:126:25-73